<?xml version="1.0" encoding="UTF-8"?>
<!-- Generated by org.testng.reporters.JUnitXMLReporter -->
<testsuite ignored="0" hostname="shad-Lenovo-IdeaPad-S145-15IWL" failures="0" tests="6" name="Default test" time="0.618" errors="0" timestamp="2020-06-10T16:55:37 IST">
  <testcase classname="restgetapi.getData" name="WeatherMessageBody" time="0.367"/>
  <testcase classname="restgetapi.getData" name="is_forecast_hourly" time="0.04"/>
  <testcase classname="restgetapi.getData" name="temp_description" time="0.059"/>
  <testcase classname="restgetapi.getData" name="testResponcecode" time="0.001"/>
  <testcase classname="restgetapi.getData" name="weather_message_description" time="0.068"/>
  <testcase classname="restgetapi.getData" name="weather_message_description_light_rain" time="0.043"/>
</testsuite> <!-- Default test -->
